====== Results for 1.bmp ======
Solution found in generation: 0
Feasible: No
Fitness: 0.371154
Sensors used: 3 7 9 10 13 (5 total)
POIs covered: 15/40 (37.5%)
-------------------------------------------
====== Results for 10.bmp ======
Solution found in generation: 0
Feasible: No
Fitness: 0.399762
Sensors used: 4 5 6 8 10 (5 total)
POIs covered: 17/42 (40.4762%)
-------------------------------------------
====== Results for 100.bmp ======
Solution found in generation: 0
Feasible: No
Fitness: 0.300303
Sensors used: 5 7 10 (3 total)
POIs covered: 10/33 (30.303%)
-------------------------------------------
====== Results for 101.bmp ======
Solution found in generation: 0
Feasible: No
Fitness: 0.35381
Sensors used: 1 5 8 12 (4 total)
POIs covered: 15/42 (35.7143%)
-------------------------------------------
====== Results for 102.bmp ======
Solution found in generation: 0
Feasible: No
Fitness: 0.377615
Sensors used: 2 4 5 6 7 8 9 (7 total)
POIs covered: 15/39 (38.4615%)
-------------------------------------------
====== Results for 103.bmp ======
Solution found in generation: 0
Feasible: No
Fitness: 0.400922
Sensors used: 5 8 10 12 (4 total)
POIs covered: 19/47 (40.4255%)
-------------------------------------------
====== Results for 104.bmp ======
Solution found in generation: 0
Feasible: No
Fitness: 0.408428
Sensors used: 1 7 8 10 12 13 (6 total)
POIs covered: 19/46 (41.3043%)
-------------------------------------------
====== Results for 105.bmp ======
Solution found in generation: 0
Feasible: No
Fitness: 0.427652
Sensors used: 6 7 8 9 12 (5 total)
POIs covered: 19/44 (43.1818%)
-------------------------------------------
====== Results for 106.bmp ======
Solution found in generation: 0
Feasible: No
Fitness: 0.352976
Sensors used: 4 6 8 10 12 (5 total)
POIs covered: 15/42 (35.7143%)
-------------------------------------------
====== Results for 107.bmp ======
Solution found in generation: 0
Feasible: No
Fitness: 0.364848
Sensors used: 5 11 (2 total)
POIs covered: 11/30 (36.6667%)
-------------------------------------------
====== Results for 108.bmp ======
Solution found in generation: 1
Feasible: No
Fitness: 0.386759
Sensors used: 4 6 8 9 11 (5 total)
POIs covered: 18/46 (39.1304%)
-------------------------------------------
====== Results for 109.bmp ======
Solution found in generation: 3
Feasible: No
Fitness: 0.38007
Sensors used: 5 7 9 10 11 (5 total)
POIs covered: 15/39 (38.4615%)
-------------------------------------------
====== Results for 11.bmp ======
Solution found in generation: 0
Feasible: No
Fitness: 0.374778
Sensors used: 4 7 9 (3 total)
POIs covered: 17/45 (37.7778%)
-------------------------------------------
====== Results for 110.bmp ======
Solution found in generation: 0
Feasible: No
Fitness: 0.368457
Sensors used: 1 6 9 11 (4 total)
POIs covered: 16/43 (37.2093%)
-------------------------------------------
====== Results for 111.bmp ======
Solution found in generation: 0
Feasible: No
Fitness: 0.29625
Sensors used: 3 6 10 12 13 16 (6 total)
POIs covered: 12/40 (30%)
-------------------------------------------
====== Results for 112.bmp ======
Solution found in generation: 0
Feasible: No
Fitness: 0.442137
Sensors used: 8 10 13 (3 total)
POIs covered: 20/45 (44.4444%)
-------------------------------------------
====== Results for 113.bmp ======
Solution found in generation: 0
Feasible: No
Fitness: 0.36
Sensors used: 6 7 9 11 (4 total)
POIs covered: 12/33 (36.3636%)
-------------------------------------------
====== Results for 114.bmp ======
Solution found in generation: 0
Feasible: No
Fitness: 0.352222
Sensors used: 6 8 10 12 (4 total)
POIs covered: 16/45 (35.5556%)
-------------------------------------------
====== Results for 115.bmp ======
Solution found in generation: 0
Feasible: No
Fitness: 0.387744
Sensors used: 7 10 12 (3 total)
POIs covered: 16/41 (39.0244%)
-------------------------------------------
====== Results for 116.bmp ======
Solution found in generation: 2
Feasible: No
Fitness: 0.371154
Sensors used: 3 5 6 8 9 (5 total)
POIs covered: 15/40 (37.5%)
-------------------------------------------
====== Results for 117.bmp ======
Solution found in generation: 2
Feasible: No
Fitness: 0.404545
Sensors used: 5 7 9 10 11 (5 total)
POIs covered: 18/44 (40.9091%)
-------------------------------------------
====== Results for 118.bmp ======
Solution found in generation: 0
Feasible: No
Fitness: 0.411301
Sensors used: 1 7 11 12 (4 total)
POIs covered: 17/41 (41.4634%)
-------------------------------------------
====== Results for 119.bmp ======
Solution found in generation: 4
Feasible: No
Fitness: 0.414059
Sensors used: 5 7 9 10 11 (5 total)
POIs covered: 18/43 (41.8605%)
-------------------------------------------
====== Results for 12.bmp ======
Solution found in generation: 4
Feasible: No
Fitness: 0.401239
Sensors used: 6 8 10 11 12 (5 total)
POIs covered: 15/37 (40.5405%)
-------------------------------------------
====== Results for 120.bmp ======
Solution found in generation: 0
Feasible: No
Fitness: 0.329333
Sensors used: 2 5 7 9 (4 total)
POIs covered: 15/45 (33.3333%)
-------------------------------------------
====== Results for 121.bmp ======
Solution found in generation: 0
Feasible: No
Fitness: 0.331333
Sensors used: 5 10 (2 total)
POIs covered: 11/33 (33.3333%)
-------------------------------------------
====== Results for 122.bmp ======
Solution found in generation: 3
Feasible: No
Fitness: 0.413605
Sensors used: 6 8 9 10 11 12 (6 total)
POIs covered: 18/43 (41.8605%)
-------------------------------------------
====== Results for 123.bmp ======
Solution found in generation: 0
Feasible: No
Fitness: 0.258612
Sensors used: 2 5 6 8 9 (5 total)
POIs covered: 10/38 (26.3158%)
-------------------------------------------
====== Results for 124.bmp ======
Solution found in generation: 0
Feasible: No
Fitness: 0.424405
Sensors used: 5 7 9 11 12 (5 total)
POIs covered: 15/35 (42.8571%)
-------------------------------------------
====== Results for 125.bmp ======
Solution found in generation: 0
Feasible: No
Fitness: 0.361308
Sensors used: 5 6 8 9 11 (5 total)
POIs covered: 15/41 (36.5854%)
-------------------------------------------
====== Results for 126.bmp ======
Solution found in generation: 0
Feasible: No
Fitness: 0.312153
Sensors used: 5 8 10 11 (4 total)
POIs covered: 12/38 (31.5789%)
-------------------------------------------
====== Results for 127.bmp ======
Solution found in generation: 4
Feasible: No
Fitness: 0.322087
Sensors used: 4 6 8 9 (4 total)
POIs covered: 15/46 (32.6087%)
-------------------------------------------
====== Results for 128.bmp ======
Solution found in generation: 4
Feasible: No
Fitness: 0.343382
Sensors used: 2 5 8 9 (4 total)
POIs covered: 16/46 (34.7826%)
-------------------------------------------
====== Results for 129.bmp ======
Solution found in generation: 0
Feasible: No
Fitness: 0.367792
Sensors used: 6 7 9 11 (4 total)
POIs covered: 13/35 (37.1429%)
-------------------------------------------
====== Results for 13.bmp ======
Solution found in generation: 0
Feasible: No
Fitness: 0.336463
Sensors used: 2 5 8 9 10 (5 total)
POIs covered: 14/41 (34.1463%)
-------------------------------------------
====== Results for 130.bmp ======
Solution found in generation: 0
Feasible: No
Fitness: 0.418376
Sensors used: 3 8 9 10 13 (5 total)
POIs covered: 19/45 (42.2222%)
-------------------------------------------
====== Results for 131.bmp ======
Solution found in generation: 0
Feasible: No
Fitness: 0.345
Sensors used: 2 5 8 10 11 12 (6 total)
POIs covered: 14/40 (35%)
-------------------------------------------
====== Results for 132.bmp ======
Solution found in generation: 0
Feasible: No
Fitness: 0.401834
Sensors used: 3 7 9 10 13 (5 total)
POIs covered: 15/37 (40.5405%)
-------------------------------------------
====== Results for 133.bmp ======
Solution found in generation: 0
Feasible: No
Fitness: 0.320158
Sensors used: 2 6 7 9 12 (5 total)
POIs covered: 12/37 (32.4324%)
-------------------------------------------
====== Results for 134.bmp ======
Solution found in generation: 5
Feasible: No
Fitness: 0.395
Sensors used: 4 6 8 9 10 (5 total)
POIs covered: 18/45 (40%)
-------------------------------------------
====== Results for 135.bmp ======
Solution found in generation: 0
Feasible: No
Fitness: 0.405455
Sensors used: 5 8 9 11 (4 total)
POIs covered: 18/44 (40.9091%)
-------------------------------------------
====== Results for 136.bmp ======
Solution found in generation: 0
Feasible: No
Fitness: 0.293297
Sensors used: 4 6 7 10 (4 total)
POIs covered: 11/37 (29.7297%)
-------------------------------------------
====== Results for 137.bmp ======
Solution found in generation: 0
Feasible: No
Fitness: 0.414968
Sensors used: 1 6 8 11 (4 total)
POIs covered: 18/43 (41.8605%)
-------------------------------------------
====== Results for 138.bmp ======
Solution found in generation: 4
Feasible: No
Fitness: 0.409634
Sensors used: 1 6 7 9 11 12 (6 total)
POIs covered: 17/41 (41.4634%)
-------------------------------------------
====== Results for 139.bmp ======
Solution found in generation: 0
Feasible: No
Fitness: 0.424935
Sensors used: 4 6 8 10 (4 total)
POIs covered: 15/35 (42.8571%)
-------------------------------------------
====== Results for 14.bmp ======
Solution found in generation: 1
Feasible: No
Fitness: 0.410089
Sensors used: 5 7 8 9 11 (5 total)
POIs covered: 17/41 (41.4634%)
-------------------------------------------
====== Results for 140.bmp ======
Solution found in generation: 0
Feasible: No
Fitness: 0.35101
Sensors used: 1 3 6 8 11 (5 total)
POIs covered: 16/45 (35.5556%)
-------------------------------------------
====== Results for 141.bmp ======
Solution found in generation: 0
Feasible: No
Fitness: 0.330333
Sensors used: 5 8 9 (3 total)
POIs covered: 11/33 (33.3333%)
-------------------------------------------
====== Results for 142.bmp ======
Solution found in generation: 0
Feasible: No
Fitness: 0.252143
Sensors used: 4 6 7 9 10 (5 total)
POIs covered: 9/35 (25.7143%)
-------------------------------------------
====== Results for 143.bmp ======
Solution found in generation: 0
Feasible: No
Fitness: 0.321029
Sensors used: 5 10 12 (3 total)
POIs covered: 11/34 (32.3529%)
-------------------------------------------
====== Results for 144.bmp ======
Solution found in generation: 0
Feasible: No
Fitness: 0.430897
Sensors used: 1 2 4 7 9 10 14 (7 total)
POIs covered: 17/39 (43.5897%)
-------------------------------------------
====== Results for 145.bmp ======
Solution found in generation: 0
Feasible: No
Fitness: 0.352597
Sensors used: 2 6 8 9 11 (5 total)
POIs covered: 15/42 (35.7143%)
-------------------------------------------
====== Results for 146.bmp ======
Solution found in generation: 0
Feasible: No
Fitness: 0.364785
Sensors used: 6 8 9 11 (4 total)
POIs covered: 14/38 (36.8421%)
-------------------------------------------
====== Results for 147.bmp ======
Solution found in generation: 0
Feasible: No
Fitness: 0.31374
Sensors used: 6 9 10 11 (4 total)
POIs covered: 13/41 (31.7073%)
-------------------------------------------
====== Results for 148.bmp ======
Solution found in generation: 0
Feasible: No
Fitness: 0.26107
Sensors used: 5 6 9 11 (4 total)
POIs covered: 9/34 (26.4706%)
-------------------------------------------
====== Results for 149.bmp ======
Solution found in generation: 0
Feasible: No
Fitness: 0.396923
Sensors used: 5 7 10 12 (4 total)
POIs covered: 14/35 (40%)
-------------------------------------------
====== Results for 15.bmp ======
Solution found in generation: 7
Feasible: No
Fitness: 0.356825
Sensors used: 1 2 3 4 7 14 (6 total)
POIs covered: 13/36 (36.1111%)
-------------------------------------------
====== Results for 150.bmp ======
Solution found in generation: 0
Feasible: No
Fitness: 0.419722
Sensors used: 7 9 12 (3 total)
POIs covered: 19/45 (42.2222%)
-------------------------------------------
====== Results for 151.bmp ======
Solution found in generation: 0
Feasible: No
Fitness: 0.358636
Sensors used: 3 4 6 7 9 (5 total)
POIs covered: 16/44 (36.3636%)
-------------------------------------------
====== Results for 152.bmp ======
Solution found in generation: 0
Feasible: No
Fitness: 0.282381
Sensors used: 3 9 10 12 (4 total)
POIs covered: 8/28 (28.5714%)
-------------------------------------------
====== Results for 153.bmp ======
Solution found in generation: 7
Feasible: No
Fitness: 0.344671
Sensors used: 1 5 7 11 12 (5 total)
POIs covered: 15/43 (34.8837%)
-------------------------------------------
====== Results for 154.bmp ======
Solution found in generation: 0
Feasible: No
Fitness: 0.345201
Sensors used: 1 5 6 11 (4 total)
POIs covered: 15/43 (34.8837%)
-------------------------------------------
====== Results for 155.bmp ======
Solution found in generation: 0
Feasible: No
Fitness: 0.282381
Sensors used: 2 6 8 12 (4 total)
POIs covered: 10/35 (28.5714%)
-------------------------------------------
====== Results for 156.bmp ======
Solution found in generation: 0
Feasible: No
Fitness: 0.313971
Sensors used: 7 10 (2 total)
POIs covered: 12/38 (31.5789%)
-------------------------------------------
====== Results for 157.bmp ======
Solution found in generation: 0
Feasible: No
Fitness: 0.380979
Sensors used: 4 5 7 10 (4 total)
POIs covered: 15/39 (38.4615%)
-------------------------------------------
====== Results for 158.bmp ======
Solution found in generation: 0
Feasible: No
Fitness: 0.391063
Sensors used: 2 5 6 9 11 14 (6 total)
POIs covered: 17/43 (39.5349%)
-------------------------------------------
====== Results for 159.bmp ======
Solution found in generation: 0
Feasible: No
Fitness: 0.337576
Sensors used: 5 7 10 12 (4 total)
POIs covered: 15/44 (34.0909%)
-------------------------------------------
====== Results for 16.bmp ======
Solution found in generation: 0
Feasible: No
Fitness: 0.358636
Sensors used: 3 5 6 8 9 12 (6 total)
POIs covered: 16/44 (36.3636%)
-------------------------------------------
====== Results for 160.bmp ======
Solution found in generation: 2
Feasible: No
Fitness: 0.347185
Sensors used: 6 7 10 11 12 (5 total)
POIs covered: 13/37 (35.1351%)
-------------------------------------------
====== Results for 161.bmp ======
Solution found in generation: 0
Feasible: No
Fitness: 0.306345
Sensors used: 5 7 9 10 (4 total)
POIs covered: 9/29 (31.0345%)
-------------------------------------------
====== Results for 162.bmp ======
Solution found in generation: 0
Feasible: No
Fitness: 0.390904
Sensors used: 3 5 7 9 (4 total)
POIs covered: 17/43 (39.5349%)
-------------------------------------------
====== Results for 17.bmp ======
Solution found in generation: 0
Feasible: No
Fitness: 0.377619
Sensors used: 6 8 10 12 (4 total)
POIs covered: 16/42 (38.0952%)
-------------------------------------------
====== Results for 18.bmp ======
Solution found in generation: 0
Feasible: No
Fitness: 0.379979
Sensors used: 5 7 10 (3 total)
POIs covered: 18/47 (38.2979%)
-------------------------------------------
====== Results for 19.bmp ======
Solution found in generation: 0
Feasible: No
Fitness: 0.445419
Sensors used: 10 11 12 14 (4 total)
POIs covered: 13/29 (44.8276%)
-------------------------------------------
====== Results for 2.bmp ======
Solution found in generation: 0
Feasible: No
Fitness: 0.421686
Sensors used: 2 7 9 10 13 (5 total)
POIs covered: 20/47 (42.5532%)
-------------------------------------------
====== Results for 20.bmp ======
Solution found in generation: 5
Feasible: No
Fitness: 0.353974
Sensors used: 7 8 9 10 11 12 (6 total)
POIs covered: 14/39 (35.8974%)
-------------------------------------------
====== Results for 21.bmp ======
Solution found in generation: 0
Feasible: No
Fitness: 0.424725
Sensors used: 1 7 10 12 13 (5 total)
POIs covered: 18/42 (42.8571%)
-------------------------------------------
====== Results for 22.bmp ======
Solution found in generation: 7
Feasible: No
Fitness: 0.415033
Sensors used: 2 8 10 12 14 (5 total)
POIs covered: 18/43 (41.8605%)
-------------------------------------------
====== Results for 23.bmp ======
Solution found in generation: 0
Feasible: No
Fitness: 0.355338
Sensors used: 4 6 8 10 (4 total)
POIs covered: 14/39 (35.8974%)
-------------------------------------------
====== Results for 24.bmp ======
Solution found in generation: 0
Feasible: No
Fitness: 0.400595
Sensors used: 2 6 7 10 12 (5 total)
POIs covered: 17/42 (40.4762%)
-------------------------------------------
====== Results for 25.bmp ======
Solution found in generation: 1
Feasible: No
Fitness: 0.417937
Sensors used: 3 7 9 10 13 14 (6 total)
POIs covered: 19/45 (42.2222%)
-------------------------------------------
====== Results for 26.bmp ======
Solution found in generation: 6
Feasible: No
Fitness: 0.413605
Sensors used: 1 3 8 9 11 13 14 (7 total)
POIs covered: 18/43 (41.8605%)
-------------------------------------------
====== Results for 27.bmp ======
Solution found in generation: 0
Feasible: No
Fitness: 0.312456
Sensors used: 5 9 11 12 (4 total)
POIs covered: 12/38 (31.5789%)
-------------------------------------------
====== Results for 28.bmp ======
Solution found in generation: 4
Feasible: No
Fitness: 0.18
Sensors used: 5 10 (2 total)
POIs covered: 6/33 (18.1818%)
-------------------------------------------
====== Results for 29.bmp ======
Solution found in generation: 4
Feasible: No
Fitness: 0.353974
Sensors used: 4 6 7 8 9 (5 total)
POIs covered: 14/39 (35.8974%)
-------------------------------------------
====== Results for 3.bmp ======
Solution found in generation: 0
Feasible: No
Fitness: 0.327333
Sensors used: 3 5 6 7 8 10 (6 total)
POIs covered: 14/42 (33.3333%)
-------------------------------------------
====== Results for 30.bmp ======
Solution found in generation: 0
Feasible: No
Fitness: 0.364785
Sensors used: 1 4 7 11 (4 total)
POIs covered: 14/38 (36.8421%)
-------------------------------------------
====== Results for 31.bmp ======
Solution found in generation: 2
Feasible: No
Fitness: 0.373232
Sensors used: 6 8 9 10 11 (5 total)
POIs covered: 17/45 (37.7778%)
-------------------------------------------
====== Results for 32.bmp ======
Solution found in generation: 0
Feasible: No
Fitness: 0.431612
Sensors used: 2 7 9 11 12 14 (6 total)
POIs covered: 17/39 (43.5897%)
-------------------------------------------
====== Results for 33.bmp ======
Solution found in generation: 0
Feasible: No
Fitness: 0.404424
Sensors used: 2 5 8 9 12 13 15 (7 total)
POIs covered: 18/44 (40.9091%)
-------------------------------------------
====== Results for 34.bmp ======
Solution found in generation: 3
Feasible: No
Fitness: 0.385244
Sensors used: 3 6 7 9 10 (5 total)
POIs covered: 16/41 (39.0244%)
-------------------------------------------
====== Results for 35.bmp ======
Solution found in generation: 0
Feasible: No
Fitness: 0.390349
Sensors used: 3 6 8 9 10 (5 total)
POIs covered: 17/43 (39.5349%)
-------------------------------------------
====== Results for 36.bmp ======
Solution found in generation: 0
Feasible: No
Fitness: 0.368093
Sensors used: 4 6 8 10 (4 total)
POIs covered: 16/43 (37.2093%)
-------------------------------------------
====== Results for 37.bmp ======
Solution found in generation: 0
Feasible: No
Fitness: 0.392016
Sensors used: 4 7 9 (3 total)
POIs covered: 17/43 (39.5349%)
-------------------------------------------
====== Results for 38.bmp ======
Solution found in generation: 0
Feasible: No
Fitness: 0.312713
Sensors used: 5 7 9 11 (4 total)
POIs covered: 12/38 (31.5789%)
-------------------------------------------
====== Results for 39.bmp ======
Solution found in generation: 0
Feasible: No
Fitness: 0.390737
Sensors used: 4 6 9 10 (4 total)
POIs covered: 15/38 (39.4737%)
-------------------------------------------
====== Results for 4.bmp ======
Solution found in generation: 0
Feasible: No
Fitness: 0.312932
Sensors used: 2 4 8 14 (4 total)
POIs covered: 12/38 (31.5789%)
-------------------------------------------
====== Results for 40.bmp ======
Solution found in generation: 3
Feasible: No
Fitness: 0.448041
Sensors used: 4 9 11 13 14 (5 total)
POIs covered: 14/31 (45.1613%)
-------------------------------------------
====== Results for 41.bmp ======
Solution found in generation: 0
Feasible: No
Fitness: 0.372
Sensors used: 4 7 10 (3 total)
POIs covered: 15/40 (37.5%)
-------------------------------------------
====== Results for 42.bmp ======
Solution found in generation: 4
Feasible: No
Fitness: 0.352698
Sensors used: 2 5 8 9 (4 total)
POIs covered: 15/42 (35.7143%)
-------------------------------------------
====== Results for 43.bmp ======
Solution found in generation: 0
Feasible: No
Fitness: 0.410788
Sensors used: 2 7 9 11 13 (5 total)
POIs covered: 17/41 (41.4634%)
-------------------------------------------
====== Results for 44.bmp ======
Solution found in generation: 0
Feasible: No
Fitness: 0.38585
Sensors used: 1 4 6 7 10 11 (6 total)
POIs covered: 18/46 (39.1304%)
-------------------------------------------
====== Results for 45.bmp ======
Solution found in generation: 0
Feasible: No
Fitness: 0.307475
Sensors used: 2 4 6 8 (4 total)
POIs covered: 14/45 (31.1111%)
-------------------------------------------
====== Results for 46.bmp ======
Solution found in generation: 0
Feasible: No
Fitness: 0.423956
Sensors used: 3 6 7 8 9 12 (6 total)
POIs covered: 18/42 (42.8571%)
-------------------------------------------
====== Results for 47.bmp ======
Solution found in generation: 4
Feasible: No
Fitness: 0.377316
Sensors used: 5 7 9 11 (4 total)
POIs covered: 16/42 (38.0952%)
-------------------------------------------
====== Results for 48.bmp ======
Solution found in generation: 0
Feasible: No
Fitness: 0.380979
Sensors used: 5 7 8 10 (4 total)
POIs covered: 15/39 (38.4615%)
-------------------------------------------
====== Results for 49.bmp ======
Solution found in generation: 0
Feasible: No
Fitness: 0.448886
Sensors used: 1 6 11 (3 total)
POIs covered: 14/31 (45.1613%)
-------------------------------------------
====== Results for 5.bmp ======
Solution found in generation: 0
Feasible: No
Fitness: 0.282714
Sensors used: 3 6 9 (3 total)
POIs covered: 10/35 (28.5714%)
-------------------------------------------
====== Results for 50.bmp ======
Solution found in generation: 0
Feasible: No
Fitness: 0.44828
Sensors used: 6 9 10 12 (4 total)
POIs covered: 14/31 (45.1613%)
-------------------------------------------
====== Results for 51.bmp ======
Solution found in generation: 0
Feasible: No
Fitness: 0.358131
Sensors used: 1 2 7 12 13 (5 total)
POIs covered: 17/47 (36.1702%)
-------------------------------------------
====== Results for 52.bmp ======
Solution found in generation: 2
Feasible: No
Fitness: 0.402917
Sensors used: 6 7 10 12 (4 total)
POIs covered: 13/32 (40.625%)
-------------------------------------------
====== Results for 53.bmp ======
Solution found in generation: 0
Feasible: No
Fitness: 0.377316
Sensors used: 5 8 10 11 (4 total)
POIs covered: 16/42 (38.0952%)
-------------------------------------------
====== Results for 54.bmp ======
Solution found in generation: 0
Feasible: No
Fitness: 0.372273
Sensors used: 5 7 10 (3 total)
POIs covered: 12/32 (37.5%)
-------------------------------------------
====== Results for 55.bmp ======
Solution found in generation: 0
Feasible: No
Fitness: 0.386759
Sensors used: 3 5 7 9 11 (5 total)
POIs covered: 18/46 (39.1304%)
-------------------------------------------
====== Results for 56.bmp ======
Solution found in generation: 0
Feasible: No
Fitness: 0.303147
Sensors used: 2 5 6 7 9 (5 total)
POIs covered: 12/39 (30.7692%)
-------------------------------------------
====== Results for 57.bmp ======
Solution found in generation: 2
Feasible: No
Fitness: 0.287823
Sensors used: 10 11 12 (3 total)
POIs covered: 9/31 (29.0323%)
-------------------------------------------
====== Results for 58.bmp ======
Solution found in generation: 0
Feasible: No
Fitness: 0.286989
Sensors used: 5 7 9 12 (4 total)
POIs covered: 9/31 (29.0323%)
-------------------------------------------
====== Results for 59.bmp ======
Solution found in generation: 0
Feasible: No
Fitness: 0.386689
Sensors used: 6 7 8 10 12 13 (6 total)
POIs covered: 18/46 (39.1304%)
-------------------------------------------
====== Results for 6.bmp ======
Solution found in generation: 0
Feasible: No
Fitness: 0.390904
Sensors used: 1 4 7 9 (4 total)
POIs covered: 17/43 (39.5349%)
-------------------------------------------
====== Results for 60.bmp ======
Solution found in generation: 0
Feasible: No
Fitness: 0.256532
Sensors used: 5 9 11 (3 total)
POIs covered: 7/27 (25.9259%)
-------------------------------------------
====== Results for 61.bmp ======
Solution found in generation: 0
Feasible: No
Fitness: 0.311286
Sensors used: 5 8 10 (3 total)
POIs covered: 11/35 (31.4286%)
-------------------------------------------
====== Results for 62.bmp ======
Solution found in generation: 0
Feasible: No
Fitness: 0.358636
Sensors used: 2 4 6 8 10 12 (6 total)
POIs covered: 16/44 (36.3636%)
-------------------------------------------
====== Results for 63.bmp ======
Solution found in generation: 5
Feasible: No
Fitness: 0.441424
Sensors used: 7 8 9 10 11 12 13 (7 total)
POIs covered: 21/47 (44.6809%)
-------------------------------------------
====== Results for 64.bmp ======
Solution found in generation: 0
Feasible: No
Fitness: 0.406014
Sensors used: 1 7 12 13 (4 total)
POIs covered: 18/44 (40.9091%)
-------------------------------------------
====== Results for 65.bmp ======
Solution found in generation: 0
Feasible: No
Fitness: 0.428182
Sensors used: 1 5 7 11 (4 total)
POIs covered: 19/44 (43.1818%)
-------------------------------------------
====== Results for 66.bmp ======
Solution found in generation: 4
Feasible: No
Fitness: 0.390904
Sensors used: 4 6 8 9 (4 total)
POIs covered: 17/43 (39.5349%)
-------------------------------------------
====== Results for 67.bmp ======
Solution found in generation: 0
Feasible: No
Fitness: 0.374532
Sensors used: 6 7 9 11 13 (5 total)
POIs covered: 14/37 (37.8378%)
-------------------------------------------
====== Results for 68.bmp ======
Solution found in generation: 0
Feasible: No
Fitness: 0.296326
Sensors used: 2 5 7 8 9 10 (6 total)
POIs covered: 13/43 (30.2326%)
-------------------------------------------
====== Results for 69.bmp ======
Solution found in generation: 0
Feasible: No
Fitness: 0.351919
Sensors used: 1 6 8 11 (4 total)
POIs covered: 16/45 (35.5556%)
-------------------------------------------
====== Results for 7.bmp ======
Solution found in generation: 0
Feasible: No
Fitness: 0.290481
Sensors used: 3 6 7 9 (4 total)
POIs covered: 10/34 (29.4118%)
-------------------------------------------
====== Results for 70.bmp ======
Solution found in generation: 0
Feasible: No
Fitness: 0.371429
Sensors used: 9 11 12 13 14 (5 total)
POIs covered: 15/40 (37.5%)
-------------------------------------------
====== Results for 71.bmp ======
Solution found in generation: 0
Feasible: No
Fitness: 0.373378
Sensors used: 4 5 6 7 10 (5 total)
POIs covered: 14/37 (37.8378%)
-------------------------------------------
====== Results for 72.bmp ======
Solution found in generation: 0
Feasible: No
Fitness: 0.273719
Sensors used: 11 13 14 (3 total)
POIs covered: 8/29 (27.5862%)
-------------------------------------------
====== Results for 73.bmp ======
Solution found in generation: 0
Feasible: No
Fitness: 0.310952
Sensors used: 5 7 10 12 (4 total)
POIs covered: 11/35 (31.4286%)
-------------------------------------------
====== Results for 74.bmp ======
Solution found in generation: 0
Feasible: No
Fitness: 0.396667
Sensors used: 5 7 9 11 (4 total)
POIs covered: 18/45 (40%)
-------------------------------------------
====== Results for 75.bmp ======
Solution found in generation: 0
Feasible: No
Fitness: 0.368552
Sensors used: 6 11 (2 total)
POIs covered: 10/27 (37.037%)
-------------------------------------------
====== Results for 76.bmp ======
Solution found in generation: 0
Feasible: No
Fitness: 0.286323
Sensors used: 4 6 9 10 (4 total)
POIs covered: 9/31 (29.0323%)
-------------------------------------------
====== Results for 77.bmp ======
Solution found in generation: 0
Feasible: No
Fitness: 0.381748
Sensors used: 2 7 9 10 12 13 (6 total)
POIs covered: 17/44 (38.6364%)
-------------------------------------------
====== Results for 78.bmp ======
Solution found in generation: 0
Feasible: No
Fitness: 0.283214
Sensors used: 4 6 10 (3 total)
POIs covered: 10/35 (28.5714%)
-------------------------------------------
====== Results for 79.bmp ======
Solution found in generation: 0
Feasible: No
Fitness: 0.342837
Sensors used: 3 5 6 8 9 10 (6 total)
POIs covered: 15/43 (34.8837%)
-------------------------------------------
====== Results for 8.bmp ======
Solution found in generation: 0
Feasible: No
Fitness: 0.379133
Sensors used: 2 7 9 12 13 (5 total)
POIs covered: 18/47 (38.2979%)
-------------------------------------------
====== Results for 80.bmp ======
Solution found in generation: 0
Feasible: No
Fitness: 0.374742
Sensors used: 4 6 8 9 (4 total)
POIs covered: 14/37 (37.8378%)
-------------------------------------------
====== Results for 81.bmp ======
Solution found in generation: 0
Feasible: No
Fitness: 0.38437
Sensors used: 1 5 11 (3 total)
POIs covered: 12/31 (38.7097%)
-------------------------------------------
====== Results for 82.bmp ======
Solution found in generation: 0
Feasible: No
Fitness: 0.440873
Sensors used: 2 7 9 12 14 (5 total)
POIs covered: 20/45 (44.4444%)
-------------------------------------------
====== Results for 83.bmp ======
Solution found in generation: 0
Feasible: No
Fitness: 0.381538
Sensors used: 4 7 10 12 (4 total)
POIs covered: 15/39 (38.4615%)
-------------------------------------------
====== Results for 84.bmp ======
Solution found in generation: 0
Feasible: No
Fitness: 0.38303
Sensors used: 5 7 9 11 (4 total)
POIs covered: 17/44 (38.6364%)
-------------------------------------------
====== Results for 85.bmp ======
Solution found in generation: 0
Feasible: No
Fitness: 0.345
Sensors used: 2 5 6 7 10 12 (6 total)
POIs covered: 14/40 (35%)
-------------------------------------------
====== Results for 86.bmp ======
Solution found in generation: 5
Feasible: No
Fitness: 0.386077
Sensors used: 7 8 9 11 12 (5 total)
POIs covered: 16/41 (39.0244%)
-------------------------------------------
====== Results for 87.bmp ======
Solution found in generation: 0
Feasible: No
Fitness: 0.373932
Sensors used: 6 8 10 11 13 (5 total)
POIs covered: 17/45 (37.7778%)
-------------------------------------------
====== Results for 88.bmp ======
Solution found in generation: 0
Feasible: No
Fitness: 0.378452
Sensors used: 7 9 12 (3 total)
POIs covered: 16/42 (38.0952%)
-------------------------------------------
====== Results for 89.bmp ======
Solution found in generation: 0
Feasible: No
Fitness: 0.329333
Sensors used: 4 5 7 10 (4 total)
POIs covered: 14/42 (33.3333%)
-------------------------------------------
====== Results for 9.bmp ======
Solution found in generation: 0
Feasible: No
Fitness: 0.376407
Sensors used: 4 5 7 9 10 (5 total)
POIs covered: 16/42 (38.0952%)
-------------------------------------------
====== Results for 90.bmp ======
Solution found in generation: 4
Feasible: No
Fitness: 0.202549
Sensors used: 3 6 9 (3 total)
POIs covered: 7/34 (20.5882%)
-------------------------------------------
====== Results for 91.bmp ======
Solution found in generation: 0
Feasible: No
Fitness: 0.452238
Sensors used: 8 10 13 (3 total)
POIs covered: 20/44 (45.4545%)
-------------------------------------------
====== Results for 92.bmp ======
Solution found in generation: 0
Feasible: No
Fitness: 0.343382
Sensors used: 4 5 7 9 (4 total)
POIs covered: 16/46 (34.7826%)
-------------------------------------------
====== Results for 93.bmp ======
Solution found in generation: 0
Feasible: No
Fitness: 0.34611
Sensors used: 4 7 10 (3 total)
POIs covered: 15/43 (34.8837%)
-------------------------------------------
====== Results for 94.bmp ======
Solution found in generation: 0
Feasible: No
Fitness: 0.373492
Sensors used: 3 5 8 9 11 13 (6 total)
POIs covered: 17/45 (37.7778%)
-------------------------------------------
====== Results for 95.bmp ======
Solution found in generation: 0
Feasible: No
Fitness: 0.385629
Sensors used: 2 7 8 9 10 13 (6 total)
POIs covered: 16/41 (39.0244%)
-------------------------------------------
====== Results for 96.bmp ======
Solution found in generation: 0
Feasible: No
Fitness: 0.231961
Sensors used: 4 6 8 10 (4 total)
POIs covered: 8/34 (23.5294%)
-------------------------------------------
====== Results for 97.bmp ======
Solution found in generation: 0
Feasible: No
Fitness: 0.356702
Sensors used: 3 5 7 8 9 10 (6 total)
POIs covered: 17/47 (36.1702%)
-------------------------------------------
====== Results for 98.bmp ======
Solution found in generation: 0
Feasible: No
Fitness: 0.396667
Sensors used: 2 6 10 12 (4 total)
POIs covered: 14/35 (40%)
-------------------------------------------
====== Results for 99.bmp ======
Solution found in generation: 3
Feasible: No
Fitness: 0.377316
Sensors used: 5 7 10 11 (4 total)
POIs covered: 16/42 (38.0952%)
-------------------------------------------
